[debug] [2019-02-01T02:48:17.692Z] ----------------------------------------------------------------------
[debug] [2019-02-01T02:48:17.695Z] Command:       C:\Program Files\nodejs\node.exe C:\Users\nestr\AppData\Roaming\npm\node_modules\firebase-tools\lib\bin\firebase.js serve
[debug] [2019-02-01T02:48:17.695Z] CLI Version:   6.2.2
[debug] [2019-02-01T02:48:17.695Z] Platform:      win32
[debug] [2019-02-01T02:48:17.695Z] Node Version:  v8.9.4
[debug] [2019-02-01T02:48:17.695Z] Time:          Thu Jan 31 2019 19:48:17 GMT-0700 (Mountain Standard Time)
[debug] [2019-02-01T02:48:17.695Z] ----------------------------------------------------------------------
[debug] 
[debug] [2019-02-01T02:48:17.702Z] > command requires scopes: ["email","openid","https://www.googleapis.com/auth/cloudplatformprojects.readonly","https://www.googleapis.com/auth/firebase","https://www.googleapis.com/auth/cloud-platform"]
[debug] [2019-02-01T02:48:17.702Z] > authorizing via signed-in user
[debug] [2019-02-01T02:48:17.702Z] [iam] checking project metal-bus-177700 for permissions ["firebase.projects.get"]
[debug] [2019-02-01T02:48:17.702Z] >>> HTTP REQUEST POST https://cloudresourcemanager.googleapis.com/v1/projects/metal-bus-177700:testIamPermissions  

[debug] [2019-02-01T02:48:17.962Z] <<< HTTP RESPONSE 200
[debug] [2019-02-01T02:48:17.962Z] >>> HTTP REQUEST GET https://cloudresourcemanager.googleapis.com/v1/projects/metal-bus-177700  
 
[debug] [2019-02-01T02:48:18.212Z] <<< HTTP RESPONSE 200
[info] 
[info] === Serving from 'C:\Users\nestr\Documents\REPOS\SENG513'...
[info] 
[info] i  functions: Preparing to emulate functions.
[debug] [2019-02-01T02:48:19.090Z] Fetching environment
[debug] [2019-02-01T02:48:19.092Z] >>> HTTP REQUEST GET https://mobilesdk-pa.googleapis.com/v1/projects/13941528526:getServerAppConfig  
 
[debug] [2019-02-01T02:48:19.093Z] >>> HTTP REQUEST GET https://mobilesdk-pa.googleapis.com/v1/projects/13941528526/clients/_:getWebAppConfig  
 
[debug] [2019-02-01T02:48:19.338Z] <<< HTTP RESPONSE 200
[debug] [2019-02-01T02:48:19.338Z] Starting @google-cloud/functions-emulator
[debug] [2019-02-01T02:48:19.416Z] <<< HTTP RESPONSE 200
[info] i  hosting: Serving hosting files from: public
[info] +  hosting: Local server: http://localhost:5000
[debug] [2019-02-01T02:48:21.596Z] Parsing function triggers
[info] i  functions: No HTTPS functions found. Use firebase functions:shell if you would like to emulate other types of functions.
